<?xml version="1.0" encoding="UTF-8"?>
<!-- Generated by org.testng.reporters.JUnitReportReporter -->
<testsuite hostname="EGCA1-0091" failures="0" tests="1" name="testMap.TestMap" time="21.276" errors="0" timestamp="2022-01-19T03:48:42 EET" skipped="0">
  <testcase classname="testMap.TestMap" name="Clear" time="21.276"/>
  <system-out/>
</testsuite> <!-- testMap.TestMap -->
